Gym has been unmaintained since 2022 and does not support NumPy 2.0 amongst other critical functionality.
Please upgrade to Gymnasium, the maintained drop-in replacement of Gym, or contact the authors of your software and request that they upgrade.
See the migration guide at https://gymnasium.farama.org/introduction/migration_guide/ for additional information.
pybullet build time: Jan 29 2025 23:16:28
/home/dell/miniconda3/envs/dmpo/lib/python3.10/site-packages/pybullet_envs/env_bases.py:8: UserWarning: pkg_resources is deprecated as an API. See https://setuptools.pypa.io/en/latest/pkg_resources.html. The pkg_resources package is slated for removal as early as 2025-11-30. Refrain from using this package or pin to Setuptools<81.
  from pkg_resources import parse_version
[2026-02-26 15:17:05,483][__main__][INFO] - No EGL device specified in cfg, falling back to osmesa.
[DEBUG] Creating agent class: agent.pretrain.train_gaussian_agent.TrainGaussianAgent
[DEBUG] Initializing agent...
[2026-02-26 15:17:06,594][model.common.gaussian][INFO] - Number of network parameters: 10624082
[2026-02-26 15:17:06,596][agent.pretrain.train_agent][INFO] - architecture wrote to file /home/dell/workspace/dmpo/log/furniture/pretrain/lamp_low_dim_pre_gaussian_mlp_ta8/2026-02-26_15-17-05_42/architecture.log
max_n_episodes=-1
[2026-02-26 15:17:06,598][agent.dataset.sequence][INFO] - max_n_episodes specified as -1, fall back to maximum value 50
[2026-02-26 15:17:06,690][agent.dataset.sequence][INFO] - Successfully loaded dataset from /home/dell/datasets/furniture/lamp_low/train.npz
[2026-02-26 15:17:06,690][agent.dataset.sequence][INFO] - Number of episodes: 50
[2026-02-26 15:17:06,690][agent.dataset.sequence][INFO] - States shape/type: (torch.Size([29688, 44]), torch.float32)
[2026-02-26 15:17:06,690][agent.dataset.sequence][INFO] - Actions shape/type: (torch.Size([29688, 10]), torch.float32)
[2026-02-26 15:17:06,690][agent.dataset.sequence][INFO] - Finished creating StitchedSequenceDataset from /home/dell/datasets/furniture/lamp_low/train.npz
dataset_train=29338
[2026-02-26 15:17:07,146][agent.pretrain.train_agent][INFO] - test_in_mujoco==False
[2026-02-26 15:17:07,146][agent.pretrain.train_agent][INFO] - architecture wrote to file /home/dell/workspace/dmpo/log/furniture/pretrain/lamp_low_dim_pre_gaussian_mlp_ta8/2026-02-26_15-17-05_42/architecture.log
[DEBUG] Starting agent.run()...
[2026-02-26 15:17:08,839][agent.pretrain.train_agent][INFO] - Saved model to /home/dell/workspace/dmpo/log/furniture/pretrain/lamp_low_dim_pre_gaussian_mlp_ta8/2026-02-26_15-17-05_42/checkpoint/state_1.pt

[2026-02-26 15:17:08,839][agent.pretrain.train_agent][INFO] - Evaluation results saved to /home/dell/workspace/dmpo/log/furniture/pretrain/lamp_low_dim_pre_gaussian_mlp_ta8/2026-02-26_15-17-05_42/result.npz

[2026-02-26 15:17:08,839][agent.pretrain.train_gaussian_agent][INFO] - 1: train loss   9.3107 | entropy:  -0.8836 | t:  1.6925
[2026-02-26 15:17:11,064][agent.pretrain.train_agent][INFO] - Saved model to /home/dell/workspace/dmpo/log/furniture/pretrain/lamp_low_dim_pre_gaussian_mlp_ta8/2026-02-26_15-17-05_42/checkpoint/state_2.pt

[2026-02-26 15:17:11,064][agent.pretrain.train_agent][INFO] - Evaluation results saved to /home/dell/workspace/dmpo/log/furniture/pretrain/lamp_low_dim_pre_gaussian_mlp_ta8/2026-02-26_15-17-05_42/result.npz

[2026-02-26 15:17:11,064][agent.pretrain.train_gaussian_agent][INFO] - 2: train loss   0.3167 | entropy:  -0.8836 | t:  2.2248
[DEBUG] Agent.run() completed.
